0 info it worked if it ends with ok
1 verbose cli [
1 verbose cli   'C:\\Users\\Marines Lemus\\node.exe',
1 verbose cli   'C:\\Users\\Marines Lemus\\node_modules\\npm\\bin\\npm-cli.js',
1 verbose cli   'run',
1 verbose cli   'deploy'
1 verbose cli ]
2 info using npm@6.14.11
3 info using node@v14.16.0
4 verbose run-script [ 'predeploy', 'deploy', 'postdeploy' ]
5 info lifecycle app-pokemonapi@0.1.0~predeploy: app-pokemonapi@0.1.0
6 verbose lifecycle app-pokemonapi@0.1.0~predeploy: unsafe-perm in lifecycle true
7 verbose lifecycle app-pokemonapi@0.1.0~predeploy: PATH: C:\Users\Marines Lemus\node_modules\npm\node_modules\npm-lifecycle\node-gyp-bin;C:\Users\MARINE~1\Desktop\PROYEC~1\pokemonapi-react\app-pokemonapi\node_modules\.bin;C:\Windows\system32;C:\Windows;C:\Windows\System32\Wbem;C:\Windows\System32\WindowsPowerShell\v1.0\;C:\Windows\System32\OpenSSH\;C:\Program Files\Git\cmd;C:\Program Files\Git\mingw32\bin;C:\Program Files\Git\usr\bin;C:\Users\Marines Lemus\;C:\Users\Marines Lemus\AppData\Local\Microsoft\WindowsApps;;C:\Users\Marines Lemus\AppData\Local\Programs\Microsoft VS Code\bin;C:\Users\Marines Lemus\AppData\Roaming\npm
8 verbose lifecycle app-pokemonapi@0.1.0~predeploy: CWD: C:\Users\MARINE~1\Desktop\PROYEC~1\pokemonapi-react\app-pokemonapi
9 silly lifecycle app-pokemonapi@0.1.0~predeploy: Args: [ '/d /s /c', 'npm run build' ]
10 silly lifecycle app-pokemonapi@0.1.0~predeploy: Returned: code: 0  signal: null
11 info lifecycle app-pokemonapi@0.1.0~deploy: app-pokemonapi@0.1.0
12 verbose lifecycle app-pokemonapi@0.1.0~deploy: unsafe-perm in lifecycle true
13 verbose lifecycle app-pokemonapi@0.1.0~deploy: PATH: C:\Users\Marines Lemus\node_modules\npm\node_modules\npm-lifecycle\node-gyp-bin;C:\Users\MARINE~1\Desktop\PROYEC~1\pokemonapi-react\app-pokemonapi\node_modules\.bin;C:\Windows\system32;C:\Windows;C:\Windows\System32\Wbem;C:\Windows\System32\WindowsPowerShell\v1.0\;C:\Windows\System32\OpenSSH\;C:\Program Files\Git\cmd;C:\Program Files\Git\mingw32\bin;C:\Program Files\Git\usr\bin;C:\Users\Marines Lemus\;C:\Users\Marines Lemus\AppData\Local\Microsoft\WindowsApps;;C:\Users\Marines Lemus\AppData\Local\Programs\Microsoft VS Code\bin;C:\Users\Marines Lemus\AppData\Roaming\npm
14 verbose lifecycle app-pokemonapi@0.1.0~deploy: CWD: C:\Users\MARINE~1\Desktop\PROYEC~1\pokemonapi-react\app-pokemonapi
15 silly lifecycle app-pokemonapi@0.1.0~deploy: Args: [ '/d /s /c', 'gh-pages -d build' ]
16 silly lifecycle app-pokemonapi@0.1.0~deploy: Returned: code: 1  signal: null
17 info lifecycle app-pokemonapi@0.1.0~deploy: Failed to exec deploy script
18 verbose stack Error: app-pokemonapi@0.1.0 deploy: `gh-pages -d build`
18 verbose stack Exit status 1
18 verbose stack     at EventEmitter.<anonymous> (C:\Users\Marines Lemus\node_modules\npm\node_modules\npm-lifecycle\index.js:332:16)
18 verbose stack     at EventEmitter.emit (events.js:315:20)
18 verbose stack     at ChildProcess.<anonymous> (C:\Users\Marines Lemus\node_modules\npm\node_modules\npm-lifecycle\lib\spawn.js:55:14)
18 verbose stack     at ChildProcess.emit (events.js:315:20)
18 verbose stack     at maybeClose (internal/child_process.js:1048:16)
18 verbose stack     at Process.ChildProcess._handle.onexit (internal/child_process.js:288:5)
19 verbose pkgid app-pokemonapi@0.1.0
20 verbose cwd C:\Users\MARINE~1\Desktop\PROYEC~1\pokemonapi-react\app-pokemonapi
21 verbose Windows_NT 10.0.19042
22 verbose argv "C:\\Users\\Marines Lemus\\node.exe" "C:\\Users\\Marines Lemus\\node_modules\\npm\\bin\\npm-cli.js" "run" "deploy"
23 verbose node v14.16.0
24 verbose npm  v6.14.11
25 error code ELIFECYCLE
26 error errno 1
27 error app-pokemonapi@0.1.0 deploy: `gh-pages -d build`
27 error Exit status 1
28 error Failed at the app-pokemonapi@0.1.0 deploy script.
28 error This is probably not a problem with npm. There is likely additional logging output above.
29 verbose exit [ 1, true ]
