0 info it worked if it ends with ok
1 verbose cli [
1 verbose cli   'C:\\Users\\Marines Lemus\\node.exe',
1 verbose cli   'C:\\Users\\Marines Lemus\\node_modules\\npm\\bin\\npm-cli.js',
1 verbose cli   'run',
1 verbose cli   'build'
1 verbose cli ]
2 info using npm@6.14.11
3 info using node@v14.16.0
4 verbose stack Error: UNKNOWN: unknown error, open 'C:\Users\Marines Lemus\node_modules\npm\node_modules\spdx-correct\index.js'
4 verbose stack     at Object.openSync (fs.js:476:3)
4 verbose stack     at Object.readFileSync (fs.js:377:35)
4 verbose stack     at Object.Module._extensions..js (internal/modules/cjs/loader.js:1090:18)
4 verbose stack     at Module.load (internal/modules/cjs/loader.js:928:32)
4 verbose stack     at Function.Module._load (internal/modules/cjs/loader.js:769:14)
4 verbose stack     at Module.require (internal/modules/cjs/loader.js:952:19)
4 verbose stack     at require (internal/modules/cjs/helpers.js:88:18)
4 verbose stack     at Object.<anonymous> (C:\Users\Marines Lemus\node_modules\npm\node_modules\validate-npm-package-license\index.js:2:15)
4 verbose stack     at Module._compile (internal/modules/cjs/loader.js:1063:30)
4 verbose stack     at Object.Module._extensions..js (internal/modules/cjs/loader.js:1092:10)
5 verbose cwd C:\Users\MARINE~1\Desktop\PROYEC~1\pokemonapi-react\app-pokemonapi
6 verbose Windows_NT 10.0.19042
7 verbose argv "C:\\Users\\Marines Lemus\\node.exe" "C:\\Users\\Marines Lemus\\node_modules\\npm\\bin\\npm-cli.js" "run" "build"
8 verbose node v14.16.0
9 verbose npm  v6.14.11
10 error code UNKNOWN
11 error syscall open
12 error path C:\Users\Marines Lemus\node_modules\npm\node_modules\spdx-correct\index.js
13 error errno -4094
14 error UNKNOWN: unknown error, open 'C:\Users\Marines Lemus\node_modules\npm\node_modules\spdx-correct\index.js'
15 verbose exit [ -4094, true ]
